
Showing logs for build [32mbrmclaren-oeedger8r-cpp-pr-4-se-bhtcn-3[0m stage [32mrelease[0m and container [32mstep-credential-initializer-wkw4p[0m
{"level":"info","ts":1592044704.4318886,"logger":"fallback-logger","caller":"logging/config.go:69","msg":"Fetch GitHub commit ID from kodata failed: open /var/run/ko/refs/heads/0.8.0-ns-support: no such file or directory"}
{"level":"info","ts":1592044704.4329655,"logger":"fallback-logger","caller":"creds-init/main.go:40","msg":"Credentials initialized."}

Showing logs for build [32mbrmclaren-oeedger8r-cpp-pr-4-se-bhtcn-3[0m stage [32mrelease[0m and container [32mstep-working-dir-initializer-8qtls[0m
{"level":"info","ts":1592044705.135104,"logger":"fallback-logger","caller":"logging/config.go:69","msg":"Fetch GitHub commit ID from kodata failed: open /var/run/ko/HEAD: no such file or directory"}
{"level":"info","ts":1592044705.137081,"logger":"fallback-logger","caller":"bash/main.go:64","msg":"Successfully executed command \"sh -c mkdir -p /workspace/source\"; output "}

Showing logs for build [32mbrmclaren-oeedger8r-cpp-pr-4-se-bhtcn-3[0m stage [32mrelease[0m and container [32mstep-place-tools[0m

Showing logs for build [32mbrmclaren-oeedger8r-cpp-pr-4-se-bhtcn-3[0m stage [32mrelease[0m and container [32mstep-git-source-brmclaren-oeedger8r-cpp-pr-4-se-bhtcn-xwtnb[0m
{"level":"info","ts":1592044711.2699857,"logger":"fallback-logger","caller":"logging/config.go:69","msg":"Fetch GitHub commit ID from kodata failed: open /var/run/ko/refs/heads/0.8.0-ns-support: no such file or directory"}
{"level":"info","ts":1592044711.645369,"logger":"fallback-logger","caller":"git/git.go:103","msg":"Successfully cloned https://github.com/BRMcLaren/oeedger8r-cpp.git @ master in path /workspace/source"}

Showing logs for build [32mbrmclaren-oeedger8r-cpp-pr-4-se-bhtcn-3[0m stage [32mrelease[0m and container [32mstep-git-merge[0m
Using SHAs from PULL_REFS=master:70d6bf261a36b76114128c223c74faa311545294,4:d25e67f30fa64e7e7a1c55c1926e6ceaf9ac4a20
DEBUG: JX_LOG_LEVEL=error LC_ALL=C git fetch origin --unshallow d25e67f30fa64e7e7a1c55c1926e6ceaf9ac4a20: 70d6bf261a36b76114128c223c74faa311545294:
DEBUG: ran git fetch --unshallow origin d25e67f30fa64e7e7a1c55c1926e6ceaf9ac4a20: 70d6bf261a36b76114128c223c74faa311545294: in 
DEBUG: LC_ALL=C JX_LOG_LEVEL=error git branch
DEBUG: LC_ALL=C JX_LOG_LEVEL=error git checkout master
DEBUG: ran git checkout master in 
DEBUG: LC_ALL=C JX_LOG_LEVEL=error git reset --hard 70d6bf261a36b76114128c223c74faa311545294
DEBUG: ran git reset --hard 70d6bf261a36b76114128c223c74faa311545294 in 
DEBUG: JX_LOG_LEVEL=error LC_ALL=C git clean -fd .
DEBUG: ran clean --force -d . in 
DEBUG: LC_ALL=C JX_LOG_LEVEL=error git merge d25e67f30fa64e7e7a1c55c1926e6ceaf9ac4a20
DEBUG: ran git merge d25e67f30fa64e7e7a1c55c1926e6ceaf9ac4a20 in 
DEBUG: LC_ALL=C JX_LOG_LEVEL=error git log --format=%H%x1f%an%x1f%ae%x1f%cn%x1f%ce%x1f%s%n%b%x1e 70d6bf261a36b76114128c223c74faa311545294..HEAD
Merged SHA d25e67f30fa64e7e7a1c55c1926e6ceaf9ac4a20 with commit message 'Merge branch 'master' into 1stProwJob' into base branch master
Merged SHA 286d5ba05231bcfcbefe368b962f2325e8efdcc6 with commit message 'added 1st prow job' into base branch master

Showing logs for build [32mbrmclaren-oeedger8r-cpp-pr-4-se-bhtcn-3[0m stage [32mrelease[0m and container [32mstep-helm-build[0m
/bin/sh: line 0: cd: /workspace/source/env: No such file or directory
[31m
Pipeline failed on stage 'release' : container 'step-helm-build'. The execution of the pipeline has stopped.[0m
