
Showing logs for build [32mbrmclaren-oeedger8r-cpp-pr-4-se-jg6tb-5[0m stage [32mrelease[0m and container [32mstep-credential-initializer-2cjv8[0m
{"level":"info","ts":1592045078.150752,"logger":"fallback-logger","caller":"logging/config.go:69","msg":"Fetch GitHub commit ID from kodata failed: open /var/run/ko/refs/heads/0.8.0-ns-support: no such file or directory"}
{"level":"info","ts":1592045078.1514635,"logger":"fallback-logger","caller":"creds-init/main.go:40","msg":"Credentials initialized."}

Showing logs for build [32mbrmclaren-oeedger8r-cpp-pr-4-se-jg6tb-5[0m stage [32mrelease[0m and container [32mstep-working-dir-initializer-gw9dd[0m
{"level":"info","ts":1592045079.0285006,"logger":"fallback-logger","caller":"logging/config.go:69","msg":"Fetch GitHub commit ID from kodata failed: open /var/run/ko/HEAD: no such file or directory"}
{"level":"info","ts":1592045079.0297656,"logger":"fallback-logger","caller":"bash/main.go:64","msg":"Successfully executed command \"sh -c mkdir -p /workspace/source\"; output "}

Showing logs for build [32mbrmclaren-oeedger8r-cpp-pr-4-se-jg6tb-5[0m stage [32mrelease[0m and container [32mstep-place-tools[0m

Showing logs for build [32mbrmclaren-oeedger8r-cpp-pr-4-se-jg6tb-5[0m stage [32mrelease[0m and container [32mstep-git-source-brmclaren-oeedger8r-cpp-pr-4-se-jg6tb-mrpwh[0m
{"level":"info","ts":1592045083.0668728,"logger":"fallback-logger","caller":"logging/config.go:69","msg":"Fetch GitHub commit ID from kodata failed: open /var/run/ko/refs/heads/0.8.0-ns-support: no such file or directory"}
{"level":"info","ts":1592045083.4317,"logger":"fallback-logger","caller":"git/git.go:103","msg":"Successfully cloned https://github.com/BRMcLaren/oeedger8r-cpp.git @ master in path /workspace/source"}

Showing logs for build [32mbrmclaren-oeedger8r-cpp-pr-4-se-jg6tb-5[0m stage [32mrelease[0m and container [32mstep-git-merge[0m
Using SHAs from PULL_REFS=master:f4292e16c5abcf942573cff3371b9e8f7e335d01,4:141c2b722b7ca5f8746c1a5ab31e93fb99c5b7ee
DEBUG: LC_ALL=C JX_LOG_LEVEL=error git fetch origin --unshallow 141c2b722b7ca5f8746c1a5ab31e93fb99c5b7ee: f4292e16c5abcf942573cff3371b9e8f7e335d01:
DEBUG: ran git fetch --unshallow origin 141c2b722b7ca5f8746c1a5ab31e93fb99c5b7ee: f4292e16c5abcf942573cff3371b9e8f7e335d01: in 
DEBUG: LC_ALL=C JX_LOG_LEVEL=error git branch
DEBUG: LC_ALL=C JX_LOG_LEVEL=error git checkout master
DEBUG: ran git checkout master in 
DEBUG: JX_LOG_LEVEL=error LC_ALL=C git reset --hard f4292e16c5abcf942573cff3371b9e8f7e335d01
DEBUG: ran git reset --hard f4292e16c5abcf942573cff3371b9e8f7e335d01 in 
DEBUG: LC_ALL=C JX_LOG_LEVEL=error git clean -fd .
DEBUG: ran clean --force -d . in 
DEBUG: LC_ALL=C JX_LOG_LEVEL=error git merge 141c2b722b7ca5f8746c1a5ab31e93fb99c5b7ee
DEBUG: ran git merge 141c2b722b7ca5f8746c1a5ab31e93fb99c5b7ee in 
DEBUG: LC_ALL=C JX_LOG_LEVEL=error git log --format=%H%x1f%an%x1f%ae%x1f%cn%x1f%ce%x1f%s%n%b%x1e f4292e16c5abcf942573cff3371b9e8f7e335d01..HEAD
Merged SHA 141c2b722b7ca5f8746c1a5ab31e93fb99c5b7ee with commit message 'test' into base branch master
Merged SHA 6dda9bdb930e3bc8c79a62a2f367a46394450496 with commit message 'Merge branch 'master' into 1stProwJob' into base branch master
Merged SHA d25e67f30fa64e7e7a1c55c1926e6ceaf9ac4a20 with commit message 'Merge branch 'master' into 1stProwJob' into base branch master
Merged SHA 286d5ba05231bcfcbefe368b962f2325e8efdcc6 with commit message 'added 1st prow job' into base branch master

Showing logs for build [32mbrmclaren-oeedger8r-cpp-pr-4-se-jg6tb-5[0m stage [32mrelease[0m and container [32mstep-helm-build[0m
hello
