
Showing logs for build [32mbrmclaren-oeedger8r-cpp-pr-6-se-v2lx4-2[0m stage [32mrelease[0m and container [32mstep-credential-initializer-2rqlz[0m
{"level":"info","ts":1592047078.078533,"logger":"fallback-logger","caller":"logging/config.go:69","msg":"Fetch GitHub commit ID from kodata failed: open /var/run/ko/refs/heads/0.8.0-ns-support: no such file or directory"}
{"level":"info","ts":1592047078.0789857,"logger":"fallback-logger","caller":"creds-init/main.go:40","msg":"Credentials initialized."}

Showing logs for build [32mbrmclaren-oeedger8r-cpp-pr-6-se-v2lx4-2[0m stage [32mrelease[0m and container [32mstep-working-dir-initializer-t6qgx[0m
{"level":"info","ts":1592047079.062265,"logger":"fallback-logger","caller":"logging/config.go:69","msg":"Fetch GitHub commit ID from kodata failed: open /var/run/ko/HEAD: no such file or directory"}
{"level":"info","ts":1592047079.063829,"logger":"fallback-logger","caller":"bash/main.go:64","msg":"Successfully executed command \"sh -c mkdir -p /workspace/source\"; output "}

Showing logs for build [32mbrmclaren-oeedger8r-cpp-pr-6-se-v2lx4-2[0m stage [32mrelease[0m and container [32mstep-place-tools[0m

Showing logs for build [32mbrmclaren-oeedger8r-cpp-pr-6-se-v2lx4-2[0m stage [32mrelease[0m and container [32mstep-create-dir-workspace-b6c6d[0m
{"level":"info","ts":1592047084.1877973,"logger":"fallback-logger","caller":"logging/config.go:69","msg":"Fetch GitHub commit ID from kodata failed: open /var/run/ko/HEAD: no such file or directory"}
{"level":"info","ts":1592047084.1900847,"logger":"fallback-logger","caller":"bash/main.go:64","msg":"Successfully executed command \"sh -c mkdir -p source\"; output "}

Showing logs for build [32mbrmclaren-oeedger8r-cpp-pr-6-se-v2lx4-2[0m stage [32mrelease[0m and container [32mstep-git-source-brmclaren-oeedger8r-cpp-pr-6-se-v2lx4-2prls[0m
{"level":"info","ts":1592047084.6670275,"logger":"fallback-logger","caller":"logging/config.go:69","msg":"Fetch GitHub commit ID from kodata failed: open /var/run/ko/refs/heads/0.8.0-ns-support: no such file or directory"}
{"level":"info","ts":1592047085.0331383,"logger":"fallback-logger","caller":"git/git.go:103","msg":"Successfully cloned https://github.com/BRMcLaren/oeedger8r-cpp.git @ master in path /workspace/source"}

Showing logs for build [32mbrmclaren-oeedger8r-cpp-pr-6-se-v2lx4-2[0m stage [32mrelease[0m and container [32mstep-git-merge[0m
Using SHAs from PULL_REFS=master:bba1f83d73387099b95bb0476939879a65428126,6:dc1c65440e834936028ccf597d67ad1001542266
DEBUG: LC_ALL=C JX_LOG_LEVEL=error git fetch origin --unshallow dc1c65440e834936028ccf597d67ad1001542266: bba1f83d73387099b95bb0476939879a65428126:
DEBUG: ran git fetch --unshallow origin dc1c65440e834936028ccf597d67ad1001542266: bba1f83d73387099b95bb0476939879a65428126: in 
DEBUG: LC_ALL=C JX_LOG_LEVEL=error git branch
DEBUG: LC_ALL=C JX_LOG_LEVEL=error git checkout master
DEBUG: ran git checkout master in 
DEBUG: LC_ALL=C JX_LOG_LEVEL=error git reset --hard bba1f83d73387099b95bb0476939879a65428126
DEBUG: ran git reset --hard bba1f83d73387099b95bb0476939879a65428126 in 
DEBUG: LC_ALL=C JX_LOG_LEVEL=error git clean -fd .
DEBUG: ran clean --force -d . in 
DEBUG: JX_LOG_LEVEL=error LC_ALL=C git merge dc1c65440e834936028ccf597d67ad1001542266
DEBUG: ran git merge dc1c65440e834936028ccf597d67ad1001542266 in 
DEBUG: LC_ALL=C JX_LOG_LEVEL=error git log --format=%H%x1f%an%x1f%ae%x1f%cn%x1f%ce%x1f%s%n%b%x1e bba1f83d73387099b95bb0476939879a65428126..HEAD
Merged SHA dc1c65440e834936028ccf597d67ad1001542266 with commit message 'test' into base branch master
Merged SHA d491003c95a6a7222cde7f0740b66b2fd13f06d1 with commit message 'remove release config' into base branch master

Showing logs for build [32mbrmclaren-oeedger8r-cpp-pr-6-se-v2lx4-2[0m stage [32mrelease[0m and container [32mstep-helm-build[0m
hello

Showing logs for build [32mbrmclaren-oeedger8r-cpp-pr-6-se-v2lx4-2[0m stage [32mrelease[0m and container [32mstep-source-mkdir-brmclaren-oeedger8r-cpp-pr-6-se-v2lx4-sbdp6[0m
{"level":"info","ts":1592047087.1228964,"logger":"fallback-logger","caller":"logging/config.go:69","msg":"Fetch GitHub commit ID from kodata failed: open /var/run/ko/HEAD: no such file or directory"}
{"level":"info","ts":1592047087.1307442,"logger":"fallback-logger","caller":"bash/main.go:64","msg":"Successfully executed command \"sh -c mkdir -p /pvc/release/workspace\"; output "}

Showing logs for build [32mbrmclaren-oeedger8r-cpp-pr-6-se-v2lx4-2[0m stage [32mrelease[0m and container [32mstep-source-copy-brmclaren-oeedger8r-cpp-pr-6-se-v2lx4-76kjt[0m
{"level":"info","ts":1592047087.602025,"logger":"fallback-logger","caller":"logging/config.go:69","msg":"Fetch GitHub commit ID from kodata failed: open /var/run/ko/HEAD: no such file or directory"}
{"level":"info","ts":1592047087.6158476,"logger":"fallback-logger","caller":"bash/main.go:64","msg":"Successfully executed command \"sh -c cp -r source/. /pvc/release/workspace\"; output "}

Showing logs for build [32mbrmclaren-oeedger8r-cpp-pr-6-se-v2lx4-2[0m stage [32mrelease2[0m and container [32mstep-credential-initializer-m9df9[0m
{"level":"info","ts":1592047090.086611,"logger":"fallback-logger","caller":"logging/config.go:69","msg":"Fetch GitHub commit ID from kodata failed: open /var/run/ko/refs/heads/0.8.0-ns-support: no such file or directory"}
{"level":"info","ts":1592047090.0870838,"logger":"fallback-logger","caller":"creds-init/main.go:40","msg":"Credentials initialized."}

Showing logs for build [32mbrmclaren-oeedger8r-cpp-pr-6-se-v2lx4-2[0m stage [32mrelease2[0m and container [32mstep-working-dir-initializer-lhvqp[0m
{"level":"info","ts":1592047090.983023,"logger":"fallback-logger","caller":"logging/config.go:69","msg":"Fetch GitHub commit ID from kodata failed: open /var/run/ko/HEAD: no such file or directory"}
{"level":"info","ts":1592047090.9848313,"logger":"fallback-logger","caller":"bash/main.go:64","msg":"Successfully executed command \"sh -c mkdir -p /workspace/source\"; output "}

Showing logs for build [32mbrmclaren-oeedger8r-cpp-pr-6-se-v2lx4-2[0m stage [32mrelease2[0m and container [32mstep-place-tools[0m

Showing logs for build [32mbrmclaren-oeedger8r-cpp-pr-6-se-v2lx4-2[0m stage [32mrelease2[0m and container [32mstep-create-dir-workspace-wmg5l[0m
{"level":"info","ts":1592047096.0480561,"logger":"fallback-logger","caller":"logging/config.go:69","msg":"Fetch GitHub commit ID from kodata failed: open /var/run/ko/HEAD: no such file or directory"}
{"level":"info","ts":1592047096.0499778,"logger":"fallback-logger","caller":"bash/main.go:64","msg":"Successfully executed command \"sh -c mkdir -p /workspace/source\"; output "}

Showing logs for build [32mbrmclaren-oeedger8r-cpp-pr-6-se-v2lx4-2[0m stage [32mrelease2[0m and container [32mstep-source-copy-workspace-8q9sh[0m
{"level":"info","ts":1592047096.4686158,"logger":"fallback-logger","caller":"logging/config.go:69","msg":"Fetch GitHub commit ID from kodata failed: open /var/run/ko/HEAD: no such file or directory"}
{"level":"info","ts":1592047096.5148482,"logger":"fallback-logger","caller":"bash/main.go:64","msg":"Successfully executed command \"sh -c cp -r /pvc/release/workspace/. /workspace/source\"; output "}

Showing logs for build [32mbrmclaren-oeedger8r-cpp-pr-6-se-v2lx4-2[0m stage [32mrelease2[0m and container [32mstep-helm-build[0m
make: *** No targets specified and no makefile found.  Stop.
[31m
Pipeline failed on stage 'release2' : container 'step-helm-build'. The execution of the pipeline has stopped.[0m
