
Showing logs for build [32mbrmclaren-oeedger8r-cpp-pr-6-se-4q777-3[0m stage [32mrelease[0m and container [32mstep-credential-initializer-9h424[0m
{"level":"info","ts":1592047388.785539,"logger":"fallback-logger","caller":"logging/config.go:69","msg":"Fetch GitHub commit ID from kodata failed: open /var/run/ko/refs/heads/0.8.0-ns-support: no such file or directory"}
{"level":"info","ts":1592047388.7860248,"logger":"fallback-logger","caller":"creds-init/main.go:40","msg":"Credentials initialized."}

Showing logs for build [32mbrmclaren-oeedger8r-cpp-pr-6-se-4q777-3[0m stage [32mrelease[0m and container [32mstep-working-dir-initializer-qc8j5[0m
{"level":"info","ts":1592047389.674061,"logger":"fallback-logger","caller":"logging/config.go:69","msg":"Fetch GitHub commit ID from kodata failed: open /var/run/ko/HEAD: no such file or directory"}
{"level":"info","ts":1592047389.6755579,"logger":"fallback-logger","caller":"bash/main.go:64","msg":"Successfully executed command \"sh -c mkdir -p /workspace/source\"; output "}

Showing logs for build [32mbrmclaren-oeedger8r-cpp-pr-6-se-4q777-3[0m stage [32mrelease[0m and container [32mstep-place-tools[0m

Showing logs for build [32mbrmclaren-oeedger8r-cpp-pr-6-se-4q777-3[0m stage [32mrelease[0m and container [32mstep-git-source-brmclaren-oeedger8r-cpp-pr-6-se-4q777-jnxtw[0m
{"level":"info","ts":1592047450.1568248,"logger":"fallback-logger","caller":"logging/config.go:69","msg":"Fetch GitHub commit ID from kodata failed: open /var/run/ko/refs/heads/0.8.0-ns-support: no such file or directory"}
{"level":"info","ts":1592047450.7434905,"logger":"fallback-logger","caller":"git/git.go:103","msg":"Successfully cloned https://github.com/BRMcLaren/oeedger8r-cpp.git @ master in path /workspace/source"}

Showing logs for build [32mbrmclaren-oeedger8r-cpp-pr-6-se-4q777-3[0m stage [32mrelease[0m and container [32mstep-git-merge[0m
Using SHAs from PULL_REFS=master:bba1f83d73387099b95bb0476939879a65428126,6:bbb251bd9e0419b5982e68c4d8fe8a9e2da7519c
DEBUG: LC_ALL=C JX_LOG_LEVEL=error git fetch origin --unshallow bbb251bd9e0419b5982e68c4d8fe8a9e2da7519c: bba1f83d73387099b95bb0476939879a65428126:
DEBUG: ran git fetch --unshallow origin bbb251bd9e0419b5982e68c4d8fe8a9e2da7519c: bba1f83d73387099b95bb0476939879a65428126: in 
DEBUG: LC_ALL=C JX_LOG_LEVEL=error git branch
DEBUG: LC_ALL=C JX_LOG_LEVEL=error git checkout master
DEBUG: ran git checkout master in 
DEBUG: LC_ALL=C JX_LOG_LEVEL=error git reset --hard bba1f83d73387099b95bb0476939879a65428126
DEBUG: ran git reset --hard bba1f83d73387099b95bb0476939879a65428126 in 
DEBUG: JX_LOG_LEVEL=error LC_ALL=C git clean -fd .
DEBUG: ran clean --force -d . in 
DEBUG: LC_ALL=C JX_LOG_LEVEL=error git merge bbb251bd9e0419b5982e68c4d8fe8a9e2da7519c
DEBUG: ran git merge bbb251bd9e0419b5982e68c4d8fe8a9e2da7519c in 
DEBUG: LC_ALL=C JX_LOG_LEVEL=error git log --format=%H%x1f%an%x1f%ae%x1f%cn%x1f%ce%x1f%s%n%b%x1e bba1f83d73387099b95bb0476939879a65428126..HEAD
Merged SHA bbb251bd9e0419b5982e68c4d8fe8a9e2da7519c with commit message 'add different container' into base branch master
Merged SHA dc1c65440e834936028ccf597d67ad1001542266 with commit message 'test' into base branch master
Merged SHA d491003c95a6a7222cde7f0740b66b2fd13f06d1 with commit message 'remove release config' into base branch master

Showing logs for build [32mbrmclaren-oeedger8r-cpp-pr-6-se-4q777-3[0m stage [32mrelease[0m and container [32mstep-build[0m
hello
