
Showing logs for build [32mmeta-brmclaren-oeedger8r-cpp-pr-zr274-1[0m stage [32mmeta-pipeline[0m and container [32mstep-credential-initializer-d7qnm[0m
{"level":"info","ts":1592045811.0110679,"logger":"fallback-logger","caller":"logging/config.go:69","msg":"Fetch GitHub commit ID from kodata failed: open /var/run/ko/refs/heads/0.8.0-ns-support: no such file or directory"}
{"level":"info","ts":1592045811.0115514,"logger":"fallback-logger","caller":"creds-init/main.go:40","msg":"Credentials initialized."}

Showing logs for build [32mmeta-brmclaren-oeedger8r-cpp-pr-zr274-1[0m stage [32mmeta-pipeline[0m and container [32mstep-working-dir-initializer-7658x[0m
{"level":"info","ts":1592045811.8877962,"logger":"fallback-logger","caller":"logging/config.go:69","msg":"Fetch GitHub commit ID from kodata failed: open /var/run/ko/HEAD: no such file or directory"}
{"level":"info","ts":1592045811.8894622,"logger":"fallback-logger","caller":"bash/main.go:64","msg":"Successfully executed command \"sh -c mkdir -p /workspace/source\"; output "}

Showing logs for build [32mmeta-brmclaren-oeedger8r-cpp-pr-zr274-1[0m stage [32mmeta-pipeline[0m and container [32mstep-place-tools[0m

Showing logs for build [32mmeta-brmclaren-oeedger8r-cpp-pr-zr274-1[0m stage [32mmeta-pipeline[0m and container [32mstep-git-source-meta-brmclaren-oeedger8r-cpp-pr-zr274-69c69[0m
{"level":"info","ts":1592045817.9868197,"logger":"fallback-logger","caller":"logging/config.go:69","msg":"Fetch GitHub commit ID from kodata failed: open /var/run/ko/refs/heads/0.8.0-ns-support: no such file or directory"}
{"level":"info","ts":1592045818.3206718,"logger":"fallback-logger","caller":"git/git.go:103","msg":"Successfully cloned https://github.com/BRMcLaren/oeedger8r-cpp.git @ bba1f83d73387099b95bb0476939879a65428126 in path /workspace/source"}

Showing logs for build [32mmeta-brmclaren-oeedger8r-cpp-pr-zr274-1[0m stage [32mmeta-pipeline[0m and container [32mstep-git-merge[0m
Using SHAs from PULL_REFS=master:bba1f83d73387099b95bb0476939879a65428126,5:9f88feb927cc05e2b594e625fb2a5d9d449d6fcf
DEBUG: LC_ALL=C JX_LOG_LEVEL=error git fetch origin --unshallow 9f88feb927cc05e2b594e625fb2a5d9d449d6fcf: bba1f83d73387099b95bb0476939879a65428126:
DEBUG: ran git fetch --unshallow origin 9f88feb927cc05e2b594e625fb2a5d9d449d6fcf: bba1f83d73387099b95bb0476939879a65428126: in 
DEBUG: JX_LOG_LEVEL=error LC_ALL=C git branch
DEBUG: LC_ALL=C JX_LOG_LEVEL=error git checkout master
DEBUG: ran git checkout master in 
DEBUG: LC_ALL=C JX_LOG_LEVEL=error git reset --hard bba1f83d73387099b95bb0476939879a65428126
DEBUG: ran git reset --hard bba1f83d73387099b95bb0476939879a65428126 in 
DEBUG: LC_ALL=C JX_LOG_LEVEL=error git clean -fd .
DEBUG: ran clean --force -d . in 
DEBUG: LC_ALL=C JX_LOG_LEVEL=error git merge 9f88feb927cc05e2b594e625fb2a5d9d449d6fcf
DEBUG: ran git merge 9f88feb927cc05e2b594e625fb2a5d9d449d6fcf in 
DEBUG: LC_ALL=C JX_LOG_LEVEL=error git log --format=%H%x1f%an%x1f%ae%x1f%cn%x1f%ce%x1f%s%n%b%x1e bba1f83d73387099b95bb0476939879a65428126..HEAD
Merged SHA 944960717987e3b40e3f7fa8627497e85583429e with commit message 'Merge commit '9f88feb927cc05e2b594e625fb2a5d9d449d6fcf'' into base branch master
Merged SHA 9f88feb927cc05e2b594e625fb2a5d9d449d6fcf with commit message 'try changing up the build commands' into base branch master

Showing logs for build [32mmeta-brmclaren-oeedger8r-cpp-pr-zr274-1[0m stage [32mmeta-pipeline[0m and container [32mstep-merge-pull-refs[0m
DEBUG: LC_ALL=C JX_LOG_LEVEL=error git fetch origin --unshallow 9f88feb927cc05e2b594e625fb2a5d9d449d6fcf: bba1f83d73387099b95bb0476939879a65428126:
DEBUG: LC_ALL=C JX_LOG_LEVEL=error git fetch origin 9f88feb927cc05e2b594e625fb2a5d9d449d6fcf: bba1f83d73387099b95bb0476939879a65428126:
DEBUG: ran git fetch origin 9f88feb927cc05e2b594e625fb2a5d9d449d6fcf: bba1f83d73387099b95bb0476939879a65428126: in 
DEBUG: LC_ALL=C JX_LOG_LEVEL=error git rev-parse --is-shallow-repository
DEBUG: Unshallowed git repo in 
DEBUG: LC_ALL=C JX_LOG_LEVEL=error git branch
DEBUG: LC_ALL=C JX_LOG_LEVEL=error git checkout master
DEBUG: ran git checkout master in 
DEBUG: LC_ALL=C JX_LOG_LEVEL=error git reset --hard bba1f83d73387099b95bb0476939879a65428126
DEBUG: ran git reset --hard bba1f83d73387099b95bb0476939879a65428126 in 
DEBUG: LC_ALL=C JX_LOG_LEVEL=error git clean -fd .
DEBUG: ran clean --force -d . in 
DEBUG: LC_ALL=C JX_LOG_LEVEL=error git merge 9f88feb927cc05e2b594e625fb2a5d9d449d6fcf
DEBUG: ran git merge 9f88feb927cc05e2b594e625fb2a5d9d449d6fcf in 
DEBUG: LC_ALL=C JX_LOG_LEVEL=error git log --format=%H%x1f%an%x1f%ae%x1f%cn%x1f%ce%x1f%s%n%b%x1e bba1f83d73387099b95bb0476939879a65428126..HEAD
Merged SHA 7f2948df0da8cf27beb664e8ae79ecac4f223240 with commit message 'Merge commit '9f88feb927cc05e2b594e625fb2a5d9d449d6fcf'' into base branch master
Merged SHA 9f88feb927cc05e2b594e625fb2a5d9d449d6fcf with commit message 'try changing up the build commands' into base branch master

Showing logs for build [32mmeta-brmclaren-oeedger8r-cpp-pr-zr274-1[0m stage [32mmeta-pipeline[0m and container [32mstep-create-effective-pipeline[0m
Cloning the Jenkins X versions repo https://github.com/jenkins-x/jenkins-x-versions.git with ref refs/heads/master to /builder/home/.**/jenkins-x-versions
error: failed to load project config in dir /workspace/source: Validation failures in YAML file /workspace/source/jenkins-x.yml:
pipelineConfig.pipelines.pullRequest.pipeline: Additional property timeout is not allowed
pipelineConfig.pipelines.pullRequest.pipeline.environment.0.value: Invalid type. Expected: string, given: null
pipelineConfig.pipelines.pullRequest.pipeline.environment.1.value: Invalid type. Expected: string, given: integer
[31m
Pipeline failed on stage 'meta-pipeline' : container 'step-create-effective-pipeline'. The execution of the pipeline has stopped.[0m
